#
# A fatal error has been detected by the Java Runtime Environment:
#
#  EXCEPTION_ACCESS_VIOLATION (0xc0000005) at pc=0x000000006fdfa158, pid=9056, tid=0x000000000000289c
#
# JRE version: Java(TM) SE Runtime Environment (8.0_92-b14) (build 1.8.0_92-b14)
# Java VM: Java HotSpot(TM) 64-Bit Server VM (25.92-b14 mixed mode windows-amd64 compressed oops)
# Problematic frame:
# V  [jvm.dll+0x3fa158]
#
# Failed to write core dump. Minidumps are not enabled by default on client versions of Windows
#
# If you would like to submit a bug report, please visit:
#   http://bugreport.java.com/bugreport/crash.jsp
#

---------------  T H R E A D  ---------------

Current thread (0x0000000053c00800):  VMThread [stack: 0x0000000054e10000,0x0000000054f10000] [id=10396]

siginfo: ExceptionCode=0xc0000005, reading address 0xffffffffffffffff

Registers:
RAX=0x00000000122d0000, RBX=0x000000005347ed00, RCX=0x0000000000000000, RDX=0x007fffffff8fa000
RSP=0x0000000054f0f1a8, RBP=0x000000005347ed48, RSI=0x0000000000000000, RDI=0x0000000000000000
R8 =0x0000000000000000, R9 =0x000000005be3bee0, R10=0x00000000000001fe, R11=0x0000000054f0f318
R12=0x00000000701cea90, R13=0x000000006ffde0a8, R14=0x000000006ffff8a0, R15=0x00000000701ce9c0
RIP=0x000000006fdfa158, EFLAGS=0x0000000000010246

Top of Stack: (sp=0x0000000054f0f1a8)
0x0000000054f0f1a8:   000000006fb2f4ea 000000005347ed00
0x0000000054f0f1b8:   0000000000000000 0000000057955b80
0x0000000054f0f1c8:   000000006fc1c2b2 000000000226a300
0x0000000054f0f1d8:   000000006faccb27 0000000000007fe8
0x0000000054f0f1e8:   000000006fad0a5e 00001fa7754b6c5e
0x0000000054f0f1f8:   000000006fc16175 000000005965b520
0x0000000054f0f208:   000000006fa92bf5 0000000000000000
0x0000000054f0f218:   000000006faccde7 00001fa7754b6c6e
0x0000000054f0f228:   0000000000007fe8 0000000000000010
0x0000000054f0f238:   0000000000007fd8 0000000000000000
0x0000000054f0f248:   000000006faccde7 00000000701ce9c0
0x0000000054f0f258:   000000006ffff8a0 0000000000000005
0x0000000054f0f268:   000000007020aca8 0000000000000ff8
0x0000000054f0f278:   0000000000000ff8 0000000060c0d9a0
0x0000000054f0f288:   000000006faec13b 00000000022880e0
0x0000000054f0f298:   00000000022880e0 0000000000002000 

Instructions: (pc=0x000000006fdfa158)
0x000000006fdfa138:   0d fb 5e 3c 00 48 c1 ea 03 48 d3 ea 0f b6 c2 48
0x000000006fdfa148:   c1 ea 06 24 3f 44 0f b6 c0 48 8b 05 c8 c3 41 00
0x000000006fdfa158:   48 8b 0c d0 4c 0f a3 c1 0f 92 c0 c3 cc cc cc cc
0x000000006fdfa168:   cc cc cc cc cc cc cc cc 48 89 5c 24 08 57 48 83 


Register to memory mapping:

RAX=0x00000000122d0000 is an unknown value
RBX=0x000000005347ed00 is pointing into metadata
RCX=0x0000000000000000 is an unknown value
RDX=0x007fffffff8fa000 is an unknown value
RSP=0x0000000054f0f1a8 is an unknown value
RBP=0x000000005347ed48 is pointing into metadata
RSI=0x0000000000000000 is an unknown value
RDI=0x0000000000000000 is an unknown value
R8 =0x0000000000000000 is an unknown value
R9 =0x000000005be3bee0 is an unknown value
R10=0x00000000000001fe is an unknown value
R11=0x0000000054f0f318 is an unknown value
R12=0x00000000701cea90 is an unknown value
R13=0x000000006ffde0a8 is an unknown value
R14=0x000000006ffff8a0 is an unknown value
R15=0x00000000701ce9c0 is an unknown value


Stack: [0x0000000054e10000,0x0000000054f10000],  sp=0x0000000054f0f1a8,  free space=1020k
Native frames: (J=compiled Java code, j=interpreted, Vv=VM code, C=native code)
V  [jvm.dll+0x3fa158]

VM_Operation (0x0000000074608940): ParallelGCFailedAllocation, mode: safepoint, requested by thread 0x0000000057cb2000


---------------  P R O C E S S  ---------------

Java Threads: ( => current thread )
  0x0000000057cb5800 JavaThread "qtp1033490990-210" [_thread_blocked, id=11044, stack(0x000000006f350000,0x000000006f450000)]
  0x0000000057cb2000 JavaThread "qtp1033490990-209" [_thread_blocked, id=768, stack(0x0000000074510000,0x0000000074610000)]
  0x000000005a32b800 JavaThread "DestroyJavaVM" [_thread_blocked, id=9548, stack(0x0000000002380000,0x0000000002480000)]
  0x000000005a32a800 JavaThread "qtp1033490990-80 Acceptor0 SelectChannelConnector@0.0.0.0:8080" [_thread_in_native, id=8340, stack(0x0000000073ea0000,0x0000000073fa0000)]
  0x000000005a32a000 JavaThread "qtp1033490990-79 Selector0" [_thread_blocked, id=5448, stack(0x0000000070310000,0x0000000070410000)]
  0x000000005a329000 JavaThread "C3P0PooledConnectionPoolManager[identityToken->o81nso9j16fzz12i99160|681e425e]-HelperThread-#2" daemon [_thread_blocked, id=5956, stack(0x0000000073430000,0x0000000073530000)]
  0x000000005a328800 JavaThread "C3P0PooledConnectionPoolManager[identityToken->o81nso9j16fzz12i99160|681e425e]-HelperThread-#1" daemon [_thread_blocked, id=10672, stack(0x000000006f600000,0x000000006f700000)]
  0x000000005a327800 JavaThread "C3P0PooledConnectionPoolManager[identityToken->o81nso9j16fzz12i99160|681e425e]-HelperThread-#0" daemon [_thread_blocked, id=5812, stack(0x0000000068f30000,0x0000000069030000)]
  0x000000005a327000 JavaThread "C3P0PooledConnectionPoolManager[identityToken->o81nso9j16fzz12i99160|681e425e]-AdminTaskTimer" daemon [_thread_blocked, id=7964, stack(0x000000006f4d0000,0x000000006f5d0000)]
  0x0000000057c8a000 JavaThread "org%002ejbpm%002etaskmgmt%002edef%002e%0054ask%0043ontroller.data" [_thread_blocked, id=2520, stack(0x000000006f010000,0x000000006f110000)]
  0x0000000057c89000 JavaThread "org%002ejbpm%002egraph%002edef%002e%004eode%002eleaving%0054ransitions.data" [_thread_blocked, id=4188, stack(0x000000006ee70000,0x000000006ef70000)]
  0x0000000057c88800 JavaThread "org%002ejbpm%002etaskmgmt%002edef%002e%0053wimlane%002etasks.data" [_thread_blocked, id=1472, stack(0x000000006d540000,0x000000006d640000)]
  0x0000000057c87800 JavaThread "org%002ejbpm%002etaskmgmt%002edef%002e%0054ask%0043ontroller%002evariable%0041ccesses.data" [_thread_blocked, id=7088, stack(0x000000006e990000,0x000000006ea90000)]
  0x0000000057c87000 JavaThread "org%002ejbpm%002egraph%002edef%002e%004eode.data" [_thread_blocked, id=10836, stack(0x000000006e7f0000,0x000000006e8f0000)]
  0x0000000057c86000 JavaThread "org%002ejbpm%002emodule%002edef%002e%004dodule%0044efinition.data" [_thread_blocked, id=8512, stack(0x000000006d640000,0x000000006d740000)]
  0x0000000057c85800 JavaThread "org%002ejbpm%002econtext%002edef%002e%0056ariable%0041ccess.data" [_thread_blocked, id=10732, stack(0x000000006cce0000,0x000000006cde0000)]
  0x00000000614d0000 JavaThread "org%002ejbpm%002egraph%002edef%002e%0050rocess%0044efinition%002enodes.data" [_thread_blocked, id=11220, stack(0x000000006d3e0000,0x000000006d4e0000)]
  0x00000000614cf800 JavaThread "org%002ejbpm%002etaskmgmt%002edef%002e%0054ask%002eexception%0048andlers.data" [_thread_blocked, id=9192, stack(0x000000006d1f0000,0x000000006d2f0000)]
  0x00000000614ce800 JavaThread "org%002ejbpm%002egraph%002edef%002e%0053uper%0053tate%002enodes.data" [_thread_blocked, id=3292, stack(0x000000006cf20000,0x000000006d020000)]
  0x00000000614ce000 JavaThread "org%002ejbpm%002egraph%002edef%002e%0050rocess%0044efinition%002eexception%0048andlers.data" [_thread_blocked, id=6016, stack(0x000000006d020000,0x000000006d120000)]
  0x00000000614cd000 JavaThread "org%002ejbpm%002etaskmgmt%002edef%002e%0054ask.data" [_thread_blocked, id=1072, stack(0x000000006bed0000,0x000000006bfd0000)]
  0x00000000614cc800 JavaThread "org%002ejbpm%002egraph%002edef%002e%004eode%002eexception%0048andlers.data" [_thread_blocked, id=10516, stack(0x000000006cdf0000,0x000000006cef0000)]
  0x00000000614cb800 JavaThread "org%002ejbpm%002egraph%002edef%002e%0045xception%0048andler.data" [_thread_blocked, id=10828, stack(0x000000006cb50000,0x000000006cc50000)]
  0x00000000614cb000 JavaThread "org%002ejbpm%002egraph%002edef%002e%0054ransition.data" [_thread_blocked, id=7976, stack(0x000000006c8d0000,0x000000006c9d0000)]
  0x00000000614ca000 JavaThread "org%002ejbpm%002egraph%002enode%002e%0054ask%004eode%002etasks.data" [_thread_blocked, id=11188, stack(0x000000006c270000,0x000000006c370000)]
  0x00000000614c9800 JavaThread "org%002ejbpm%002egraph%002edef%002e%0050rocess%0044efinition%002eactions.data" [_thread_blocked, id=10028, stack(0x0000000058260000,0x0000000058360000)]
  0x00000000594a3000 JavaThread "org%002ejbpm%002egraph%002edef%002e%0050rocess%0044efinition%002eevents.data" [_thread_blocked, id=10688, stack(0x000000006c700000,0x000000006c800000)]
  0x00000000594a2000 JavaThread "org%002ejbpm%002einstantiation%002e%0044elegation.data" [_thread_blocked, id=4920, stack(0x000000006c370000,0x000000006c470000)]
  0x00000000594a1800 JavaThread "org%002ejbpm%002egraph%002enode%002e%0050rocess%0053tate%002evariable%0041ccesses.data" [_thread_blocked, id=3644, stack(0x000000006c160000,0x000000006c260000)]
  0x00000000594a0800 JavaThread "org%002ejbpm%002etaskmgmt%002edef%002e%0054ask%004dgmt%0044efinition%002etasks.data" [_thread_blocked, id=10408, stack(0x000000006c040000,0x000000006c140000)]
  0x00000000594a0000 JavaThread "org%002ejbpm%002egraph%002edef%002e%0041ction.data" [_thread_blocked, id=1208, stack(0x000000006bdc0000,0x000000006bec0000)]
  0x000000005949f000 JavaThread "org%002ejbpm%002egraph%002eaction%002e%0053cript%002evariable%0041ccesses.data" [_thread_blocked, id=3588, stack(0x000000006bac0000,0x000000006bbc0000)]
  0x000000005949e800 JavaThread "org%002ejbpm%002etaskmgmt%002edef%002e%0054ask%002eevents.data" [_thread_blocked, id=4940, stack(0x000000006bc30000,0x000000006bd30000)]
  0x000000005949d800 JavaThread "org%002ejbpm%002egraph%002enode%002e%0044ecision%002edecision%0043onditions.data" [_thread_blocked, id=8028, stack(0x000000006b9b0000,0x000000006bab0000)]
  0x000000005949d000 JavaThread "org%002ejbpm%002egraph%002edef%002e%0050rocess%0044efinition.data" [_thread_blocked, id=3624, stack(0x0000000069340000,0x0000000069440000)]
  0x000000005949c000 JavaThread "org%002ejbpm%002egraph%002edef%002e%0045vent%002eactions.data" [_thread_blocked, id=1448, stack(0x000000006b870000,0x000000006b970000)]
  0x000000005f8ff000 JavaThread "org%002ejbpm%002efile%002edef%002e%0046ile%0044efinition%002eprocess%0046iles.data" [_thread_blocked, id=5376, stack(0x000000006b680000,0x000000006b780000)]
  0x000000005f905000 JavaThread "org%002ejbpm%002egraph%002edef%002e%004eode%002eevents.data" [_thread_blocked, id=6416, stack(0x0000000069490000,0x0000000069590000)]
  0x000000005c44b000 JavaThread "org%002ejbpm%002egraph%002edef%002e%0054ransition%002eexception%0048andlers.data" [_thread_blocked, id=10804, stack(0x00000000691e0000,0x00000000692e0000)]
  0x000000005c44a800 JavaThread "org%002ejbpm%002egraph%002edef%002e%004eode%002earriving%0054ransitions.data" [_thread_blocked, id=8708, stack(0x0000000069040000,0x0000000069140000)]
  0x000000005c449800 JavaThread "org%002ejbpm%002egraph%002edef%002e%0054ransition%002eevents.data" [_thread_blocked, id=10936, stack(0x0000000068ca0000,0x0000000068da0000)]
  0x000000005c449000 JavaThread "org%002ejbpm%002etaskmgmt%002edef%002e%0054ask%004dgmt%0044efinition%002eswimlanes.data" [_thread_blocked, id=11164, stack(0x00000000687a0000,0x00000000688a0000)]
  0x000000005c448000 JavaThread "org%002ejbpm%002egraph%002edef%002e%0045xception%0048andler%002eactions.data" [_thread_blocked, id=9972, stack(0x0000000068e00000,0x0000000068f00000)]
  0x000000005c447800 JavaThread "eu%002eetaxonomy%002ecdm%002eremote%002econtroller%002eoaipmh%002e%0054axon%004fai%0050mh%0043ontroller%002eresumption%0054oken.data" [_thread_blocked, id=10628, stack(0x0000000067ba0000,0x0000000067ca0000)]
  0x000000005c446800 JavaThread "org%002ejbpm%002egraph%002edef%002e%0050rocess%0044efinition%002edefinitions.data" [_thread_blocked, id=1064, stack(0x0000000068b70000,0x0000000068c70000)]
  0x000000005c446000 JavaThread "org%002ejbpm%002egraph%002edef%002e%0045vent.data" [_thread_blocked, id=10864, stack(0x00000000686a0000,0x00000000687a0000)]
  0x0000000062bde000 JavaThread "net.sf.ehcache.CacheManager@59d3243c" daemon [_thread_blocked, id=7688, stack(0x0000000067cb0000,0x0000000067db0000)]
  0x000000005c445000 JavaThread "Thread-9" [_thread_blocked, id=9228, stack(0x0000000067650000,0x0000000067750000)]
  0x0000000062bdc000 JavaThread "Hibernate Search sync consumer thread for index eu.etaxonomy.cdm.model.taxon.TaxonRelationship" daemon [_thread_blocked, id=5440, stack(0x0000000067e80000,0x0000000067f80000)]
  0x0000000062bdb000 JavaThread "Hibernate Search sync consumer thread for index eu.etaxonomy.cdm.model.taxon.TaxonBase" daemon [_thread_blocked, id=8932, stack(0x0000000067780000,0x0000000067880000)]
  0x0000000062bda800 JavaThread "Hibernate Search sync consumer thread for index eu.etaxonomy.cdm.model.occurrence.SpecimenOrObservationBase" daemon [_thread_blocked, id=10096, stack(0x0000000064590000,0x0000000064690000)]
  0x0000000062bd9800 JavaThread "Hibernate Search sync consumer thread for index eu.etaxonomy.cdm.model.name.TaxonNameBase" daemon [_thread_blocked, id=3668, stack(0x000000005ec10000,0x000000005ed10000)]
  0x0000000062bd9000 JavaThread "Hibernate Search sync consumer thread for index eu.etaxonomy.cdm.model.description.DescriptionElementBase" daemon [_thread_blocked, id=8792, stack(0x000000005fd30000,0x000000005fe30000)]
  0x000000005f906000 JavaThread "Hibernate Search sync consumer thread for index eu.etaxonomy.cdm.model.taxon.Classification" daemon [_thread_blocked, id=10140, stack(0x000000005d9f0000,0x000000005daf0000)]
  0x0000000061845000 JavaThread "C3P0PooledConnectionPoolManager[identityToken->o81nso9j16fzz12i99160|15e8c040]-HelperThread-#2" daemon [_thread_blocked, id=9268, stack(0x000000005d460000,0x000000005d560000)]
  0x0000000061844000 JavaThread "C3P0PooledConnectionPoolManager[identityToken->o81nso9j16fzz12i99160|15e8c040]-HelperThread-#1" daemon [_thread_blocked, id=9796, stack(0x000000005d290000,0x000000005d390000)]
  0x0000000061843800 JavaThread "C3P0PooledConnectionPoolManager[identityToken->o81nso9j16fzz12i99160|15e8c040]-HelperThread-#0" daemon [_thread_blocked, id=11172, stack(0x0000000057350000,0x0000000057450000)]
  0x0000000061842800 JavaThread "C3P0PooledConnectionPoolManager[identityToken->o81nso9j16fzz12i99160|15e8c040]-AdminTaskTimer" daemon [_thread_blocked, id=6528, stack(0x000000005d130000,0x000000005d230000)]
  0x0000000061842000 JavaThread "Abandoned connection cleanup thread" daemon [_thread_blocked, id=10972, stack(0x000000005a960000,0x000000005aa60000)]
  0x000000005951d000 JavaThread "HashSessionScavenger-0" daemon [_thread_blocked, id=9832, stack(0x000000005a610000,0x000000005a710000)]
  0x0000000057926000 JavaThread "Eclipse Jetty Console" daemon [_thread_in_native, id=10948, stack(0x0000000058370000,0x0000000058470000)]
  0x00000000578af800 JavaThread "AWT-Windows" daemon [_thread_in_native, id=11224, stack(0x0000000058160000,0x0000000058260000)]
  0x00000000578ae000 JavaThread "Java2D Disposer" daemon [_thread_blocked, id=3808, stack(0x0000000057f90000,0x0000000058090000)]
  0x000000005530a000 JavaThread "Service Thread" daemon [_thread_blocked, id=8636, stack(0x0000000056de0000,0x0000000056ee0000)]
  0x00000000552a1000 JavaThread "C1 CompilerThread2" daemon [_thread_blocked, id=3688, stack(0x0000000057250000,0x0000000057350000)]
  0x00000000552a0000 JavaThread "C2 CompilerThread1" daemon [_thread_blocked, id=3388, stack(0x0000000057110000,0x0000000057210000)]
  0x000000005529c000 JavaThread "C2 CompilerThread0" daemon [_thread_blocked, id=10492, stack(0x0000000056ef0000,0x0000000056ff0000)]
  0x0000000055286000 JavaThread "JDWP Command Reader" daemon [_thread_in_native, id=6180, stack(0x00000000564e0000,0x00000000565e0000)]
  0x0000000055279800 JavaThread "JDWP Event Helper Thread" daemon [_thread_blocked, id=10920, stack(0x00000000569b0000,0x0000000056ab0000)]
  0x0000000053c6e800 JavaThread "JDWP Transport Listener: dt_socket" daemon [_thread_blocked, id=10776, stack(0x00000000568b0000,0x00000000569b0000)]
  0x0000000055264800 JavaThread "Attach Listener" daemon [_thread_blocked, id=9672, stack(0x00000000559a0000,0x0000000055aa0000)]
  0x0000000053c67000 JavaThread "Signal Dispatcher" daemon [_thread_blocked, id=8548, stack(0x00000000556b0000,0x00000000557b0000)]
  0x0000000053c4f800 JavaThread "Finalizer" daemon [_thread_blocked, id=3772, stack(0x0000000055160000,0x0000000055260000)]
  0x0000000053c08000 JavaThread "Reference Handler" daemon [_thread_blocked, id=10196, stack(0x0000000054fe0000,0x00000000550e0000)]

Other Threads:
=>0x0000000053c00800 VMThread [stack: 0x0000000054e10000,0x0000000054f10000] [id=10396]
  0x000000005533c000 WatcherThread [stack: 0x0000000057490000,0x0000000057590000] [id=6620]

VM state:at safepoint (normal execution)

VM Mutex/Monitor currently owned by a thread:  ([mutex/lock_event])
[0x0000000002268c80] Threads_lock - owner thread: 0x0000000053c00800
[0x0000000002269180] Heap_lock - owner thread: 0x0000000057cb2000

Heap:
 PSYoungGen      total 110080K, used 32511K [0x00000000f5980000, 0x0000000100000000, 0x0000000100000000)
  eden space 77312K, 0% used [0x00000000f5980000,0x00000000f5980000,0x00000000fa500000)
  from space 32768K, 99% used [0x00000000fa500000,0x00000000fc4bff00,0x00000000fc500000)
  to   space 49152K, 0% used [0x00000000fd000000,0x00000000fd000000,0x0000000100000000)
 ParOldGen       total 197120K, used 196735K [0x00000000e0c00000, 0x00000000ecc80000, 0x00000000f5980000)
  object space 197120K, 99% used [0x00000000e0c00000,0x00000000ecc1fc18,0x00000000ecc80000)
 Metaspace       used 103647K, capacity 105820K, committed 105984K, reserved 1142784K
  class space    used 11570K, capacity 12009K, committed 12032K, reserved 1048576K

Card table byte_map: [0x0000000011b90000,0x0000000011c90000] byte_map_base: 0x000000001148a000

Marking Bits: (ParMarkBitMap*) 0x00000000702164f0
 Begin Bits: [0x00000000122d0000, 0x0000000012aa0000)
 End Bits:   [0x0000000012aa0000, 0x0000000013270000)

Polling page: 0x0000000001c70000

CodeCache: size=245760Kb used=64002Kb max_used=64048Kb free=181757Kb
 bounds [0x00000000027d0000, 0x00000000066b0000, 0x00000000117d0000]
 total_blobs=16571 nmethods=15853 adapters=635
 compilation: enabled

Compilation events (10 events):
Event: 5869.895 Thread 0x00000000552a1000 nmethod 20900 0x0000000006676710 code [0x0000000006676a20, 0x0000000006678178]
Event: 5869.919 Thread 0x00000000552a1000 20903   !   3       sun.reflect.GeneratedMethodAccessor126::invoke (68 bytes)
Event: 5869.919 Thread 0x00000000552a1000 nmethod 20903 0x0000000006667550 code [0x0000000006667760, 0x0000000006668018]
Event: 5869.926 Thread 0x000000005529c000 nmethod 20792 0x0000000006683b10 code [0x0000000006684600, 0x000000000668da68]
Event: 5869.926 Thread 0x000000005529c000 20901       4       java.util.regex.Pattern::newSingle (98 bytes)
Event: 5869.929 Thread 0x000000005529c000 nmethod 20901 0x0000000006666e10 code [0x0000000006666fa0, 0x0000000006667240]
Event: 5869.929 Thread 0x000000005529c000 20902       4       org.apache.lucene.document.Field::setBoost (45 bytes)
Event: 5869.930 Thread 0x000000005529c000 nmethod 20902 0x00000000052e38d0 code [0x00000000052e3a40, 0x00000000052e3ad8]
Event: 5869.934 Thread 0x000000005529c000 20904       4       org.hibernate.collection.internal.AbstractPersistentCollection$4::<init> (15 bytes)
Event: 5869.934 Thread 0x000000005529c000 nmethod 20904 0x0000000006551890 code [0x00000000065519c0, 0x0000000006551a38]

GC Heap History (10 events):
Event: 5867.089 GC heap after
Heap after GC invocations=101 (full 4):
 PSYoungGen      total 95744K, used 25083K [0x00000000f5980000, 0x00000000fe200000, 0x0000000100000000)
  eden space 70656K, 0% used [0x00000000f5980000,0x00000000f5980000,0x00000000f9e80000)
  from space 25088K, 99% used [0x00000000f9e80000,0x00000000fb6feed0,0x00000000fb700000)
  to   space 29696K, 0% used [0x00000000fc500000,0x00000000fc500000,0x00000000fe200000)
 ParOldGen       total 196608K, used 186502K [0x00000000e0c00000, 0x00000000ecc00000, 0x00000000f5980000)
  object space 196608K, 94% used [0x00000000e0c00000,0x00000000ec221af8,0x00000000ecc00000)
 Metaspace       used 103578K, capacity 105756K, committed 105984K, reserved 1142784K
  class space    used 11570K, capacity 12009K, committed 12032K, reserved 1048576K
}
Event: 5867.434 GC heap before
{Heap before GC invocations=102 (full 4):
 PSYoungGen      total 95744K, used 95739K [0x00000000f5980000, 0x00000000fe200000, 0x0000000100000000)
  eden space 70656K, 100% used [0x00000000f5980000,0x00000000f9e80000,0x00000000f9e80000)
  from space 25088K, 99% used [0x00000000f9e80000,0x00000000fb6feed0,0x00000000fb700000)
  to   space 29696K, 0% used [0x00000000fc500000,0x00000000fc500000,0x00000000fe200000)
 ParOldGen       total 196608K, used 186502K [0x00000000e0c00000, 0x00000000ecc00000, 0x00000000f5980000)
  object space 196608K, 94% used [0x00000000e0c00000,0x00000000ec221af8,0x00000000ecc00000)
 Metaspace       used 103580K, capacity 105756K, committed 105984K, reserved 1142784K
  class space    used 11570K, capacity 12009K, committed 12032K, reserved 1048576K
Event: 5867.476 GC heap after
Heap after GC invocations=102 (full 4):
 PSYoungGen      total 104960K, used 29291K [0x00000000f5980000, 0x00000000fec80000, 0x0000000100000000)
  eden space 75264K, 0% used [0x00000000f5980000,0x00000000f5980000,0x00000000fa300000)
  from space 29696K, 98% used [0x00000000fc500000,0x00000000fe19add0,0x00000000fe200000)
  to   space 34816K, 0% used [0x00000000fa300000,0x00000000fa300000,0x00000000fc500000)
 ParOldGen       total 196608K, used 186518K [0x00000000e0c00000, 0x00000000ecc00000, 0x00000000f5980000)
  object space 196608K, 94% used [0x00000000e0c00000,0x00000000ec225af8,0x00000000ecc00000)
 Metaspace       used 103580K, capacity 105756K, committed 105984K, reserved 1142784K
  class space    used 11570K, capacity 12009K, committed 12032K, reserved 1048576K
}
Event: 5867.869 GC heap before
{Heap before GC invocations=103 (full 4):
 PSYoungGen      total 104960K, used 104555K [0x00000000f5980000, 0x00000000fec80000, 0x0000000100000000)
  eden space 75264K, 100% used [0x00000000f5980000,0x00000000fa300000,0x00000000fa300000)
  from space 29696K, 98% used [0x00000000fc500000,0x00000000fe19add0,0x00000000fe200000)
  to   space 34816K, 0% used [0x00000000fa300000,0x00000000fa300000,0x00000000fc500000)
 ParOldGen       total 196608K, used 186518K [0x00000000e0c00000, 0x00000000ecc00000, 0x00000000f5980000)
  object space 196608K, 94% used [0x00000000e0c00000,0x00000000ec225af8,0x00000000ecc00000)
 Metaspace       used 103583K, capacity 105756K, committed 105984K, reserved 1142784K
  class space    used 11570K, capacity 12009K, committed 12032K, reserved 1048576K
Event: 5867.903 GC heap after
Heap after GC invocations=103 (full 4):
 PSYoungGen      total 110080K, used 33642K [0x00000000f5980000, 0x00000000ffe00000, 0x0000000100000000)
  eden space 75264K, 0% used [0x00000000f5980000,0x00000000f5980000,0x00000000fa300000)
  from space 34816K, 96% used [0x00000000fa300000,0x00000000fc3dabd8,0x00000000fc500000)
  to   space 40960K, 0% used [0x00000000fd600000,0x00000000fd600000,0x00000000ffe00000)
 ParOldGen       total 196608K, used 186630K [0x00000000e0c00000, 0x00000000ecc00000, 0x00000000f5980000)
  object space 196608K, 94% used [0x00000000e0c00000,0x00000000ec241af8,0x00000000ecc00000)
 Metaspace       used 103583K, capacity 105756K, committed 105984K, reserved 1142784K
  class space    used 11570K, capacity 12009K, committed 12032K, reserved 1048576K
}
Event: 5868.963 GC heap before
{Heap before GC invocations=104 (full 4):
 PSYoungGen      total 110080K, used 108906K [0x00000000f5980000, 0x00000000ffe00000, 0x0000000100000000)
  eden space 75264K, 100% used [0x00000000f5980000,0x00000000fa300000,0x00000000fa300000)
  from space 34816K, 96% used [0x00000000fa300000,0x00000000fc3dabd8,0x00000000fc500000)
  to   space 40960K, 0% used [0x00000000fd600000,0x00000000fd600000,0x00000000ffe00000)
 ParOldGen       total 196608K, used 186630K [0x00000000e0c00000, 0x00000000ecc00000, 0x00000000f5980000)
  object space 196608K, 94% used [0x00000000e0c00000,0x00000000ec241af8,0x00000000ecc00000)
 Metaspace       used 103607K, capacity 105820K, committed 105984K, reserved 1142784K
  class space    used 11570K, capacity 12009K, committed 12032K, reserved 1048576K
Event: 5869.028 GC heap after
Heap after GC invocations=104 (full 4):
 PSYoungGen      total 118272K, used 36768K [0x00000000f5980000, 0x0000000100000000, 0x0000000100000000)
  eden space 77312K, 0% used [0x00000000f5980000,0x00000000f5980000,0x00000000fa500000)
  from space 40960K, 89% used [0x00000000fd600000,0x00000000ff9e8010,0x00000000ffe00000)
  to   space 46592K, 0% used [0x00000000fa500000,0x00000000fa500000,0x00000000fd280000)
 ParOldGen       total 196608K, used 186974K [0x00000000e0c00000, 0x00000000ecc00000, 0x00000000f5980000)
  object space 196608K, 95% used [0x00000000e0c00000,0x00000000ec297af8,0x00000000ecc00000)
 Metaspace       used 103607K, capacity 105820K, committed 105984K, reserved 1142784K
  class space    used 11570K, capacity 12009K, committed 12032K, reserved 1048576K
}
Event: 5869.936 GC heap before
{Heap before GC invocations=105 (full 4):
 PSYoungGen      total 118272K, used 114080K [0x00000000f5980000, 0x0000000100000000, 0x0000000100000000)
  eden space 77312K, 100% used [0x00000000f5980000,0x00000000fa500000,0x00000000fa500000)
  from space 40960K, 89% used [0x00000000fd600000,0x00000000ff9e8010,0x00000000ffe00000)
  to   space 46592K, 0% used [0x00000000fa500000,0x00000000fa500000,0x00000000fd280000)
 ParOldGen       total 196608K, used 186974K [0x00000000e0c00000, 0x00000000ecc00000, 0x00000000f5980000)
  object space 196608K, 95% used [0x00000000e0c00000,0x00000000ec297af8,0x00000000ecc00000)
 Metaspace       used 103647K, capacity 105820K, committed 105984K, reserved 1142784K
  class space    used 11570K, capacity 12009K, committed 12032K, reserved 1048576K
Event: 5869.981 GC heap after
Heap after GC invocations=105 (full 4):
 PSYoungGen      total 110080K, used 32511K [0x00000000f5980000, 0x0000000100000000, 0x0000000100000000)
  eden space 77312K, 0% used [0x00000000f5980000,0x00000000f5980000,0x00000000fa500000)
  from space 32768K, 99% used [0x00000000fa500000,0x00000000fc4bff00,0x00000000fc500000)
  to   space 49152K, 0% used [0x00000000fd000000,0x00000000fd000000,0x0000000100000000)
 ParOldGen       total 197120K, used 196735K [0x00000000e0c00000, 0x00000000ecc80000, 0x00000000f5980000)
  object space 197120K, 99% used [0x00000000e0c00000,0x00000000ecc1fc18,0x00000000ecc80000)
 Metaspace       used 103647K, capacity 105820K, committed 105984K, reserved 1142784K
  class space    used 11570K, capacity 12009K, committed 12032K, reserved 1048576K
}
Event: 5869.982 GC heap before
{Heap before GC invocations=106 (full 5):
 PSYoungGen      total 110080K, used 32511K [0x00000000f5980000, 0x0000000100000000, 0x0000000100000000)
  eden space 77312K, 0% used [0x00000000f5980000,0x00000000f5980000,0x00000000fa500000)
  from space 32768K, 99% used [0x00000000fa500000,0x00000000fc4bff00,0x00000000fc500000)
  to   space 49152K, 0% used [0x00000000fd000000,0x00000000fd000000,0x0000000100000000)
 ParOldGen       total 197120K, used 196735K [0x00000000e0c00000, 0x00000000ecc80000, 0x00000000f5980000)
  object space 197120K, 99% used [0x00000000e0c00000,0x00000000ecc1fc18,0x00000000ecc80000)
 Metaspace       used 103647K, capacity 105820K, committed 105984K, reserved 1142784K
  class space    used 11570K, capacity 12009K, committed 12032K, reserved 1048576K

Deoptimization events (10 events):
Event: 5868.093 Thread 0x0000000057cb2000 Uncommon trap: reason=unstable_if action=reinterpret pc=0x0000000005c04300 method=org.hibernate.internal.util.collections.IdentityMap$IdentityKey.equals(Ljava/lang/Object;)Z @ 11
Event: 5868.093 Thread 0x0000000057cb2000 Uncommon trap: reason=unstable_if action=reinterpret pc=0x0000000005186e00 method=org.hibernate.internal.util.collections.IdentityMap$IdentityKey.equals(Ljava/lang/Object;)Z @ 11
Event: 5869.332 Thread 0x0000000057cb2000 Uncommon trap: reason=class_check action=maybe_recompile pc=0x00000000065c5ef8 method=org.hibernate.validator.internal.engine.constraintvalidation.ConstraintValidatorManager$CacheKey.equals(Ljava/lang/Object;)Z @ 112
Event: 5869.332 Thread 0x0000000057cb2000 Uncommon trap: reason=class_check action=maybe_recompile pc=0x00000000065c5ef8 method=org.hibernate.validator.internal.engine.constraintvalidation.ConstraintValidatorManager$CacheKey.equals(Ljava/lang/Object;)Z @ 112
Event: 5869.332 Thread 0x0000000057cb2000 Uncommon trap: reason=class_check action=maybe_recompile pc=0x00000000065c5ef8 method=org.hibernate.validator.internal.engine.constraintvalidation.ConstraintValidatorManager$CacheKey.equals(Ljava/lang/Object;)Z @ 112
Event: 5869.332 Thread 0x0000000057cb2000 Uncommon trap: reason=class_check action=maybe_recompile pc=0x00000000065c5ef8 method=org.hibernate.validator.internal.engine.constraintvalidation.ConstraintValidatorManager$CacheKey.equals(Ljava/lang/Object;)Z @ 112
Event: 5869.333 Thread 0x0000000057cb2000 Uncommon trap: reason=unstable_if action=reinterpret pc=0x00000000064e1ce0 method=org.hibernate.validator.internal.util.ConcurrentReferenceHashMap$Segment.get(Ljava/lang/Object;I)Ljava/lang/Object; @ 14
Event: 5869.334 Thread 0x0000000057cb2000 Uncommon trap: reason=unstable_if action=reinterpret pc=0x00000000065be018 method=org.hibernate.envers.internal.entities.mapper.MultiPropertyMapper.map(Lorg/hibernate/engine/spi/SessionImplementor;Ljava/util/Map;[Ljava/lang/String;[Ljava/lang/Object;[Ljava§m¯hUí¶@
Event: 5869.334 Thread 0x0000000057cb2000 Uncommon trap: reason=predicate action=maybe_recompile pc=0x00000000065c3d40 method=java.util.LinkedList.remove(Ljava/lang/Object;)Z @ 48
Event: 5869.334 Thread 0x0000000057cb2000 Uncommon trap: reason=class_check action=maybe_recompile pc=0x00000000065811d0 method=java.util.LinkedList.remove(Ljava/lang/Object;)Z @ 53

Internal exceptions (10 events):
Event: 5834.047 Thread 0x0000000062bd9800 Exception <a 'sun/nio/fs/WindowsException'> (0x00000000f78eab90) thrown at [D:\re\workspace\8-2-build-windows-amd64-cygwin\jdk8u92\6642\hotspot\src\share\vm\prims\jni.cpp, line 709]
Event: 5834.047 Thread 0x0000000062bd9800 Exception <a 'sun/nio/fs/WindowsException'> (0x00000000f78eecf0) thrown at [D:\re\workspace\8-2-build-windows-amd64-cygwin\jdk8u92\6642\hotspot\src\share\vm\prims\jni.cpp, line 709]
Event: 5834.047 Thread 0x0000000062bd9800 Exception <a 'sun/nio/fs/WindowsException'> (0x00000000f78ef888) thrown at [D:\re\workspace\8-2-build-windows-amd64-cygwin\jdk8u92\6642\hotspot\src\share\vm\prims\jni.cpp, line 709]
Event: 5834.048 Thread 0x0000000062bd9800 Exception <a 'sun/nio/fs/WindowsException'> (0x00000000f79024b0) thrown at [D:\re\workspace\8-2-build-windows-amd64-cygwin\jdk8u92\6642\hotspot\src\share\vm\prims\jni.cpp, line 709]
Event: 5834.073 Thread 0x0000000062bd9800 Exception <a 'sun/nio/fs/WindowsException'> (0x00000000f7919330) thrown at [D:\re\workspace\8-2-build-windows-amd64-cygwin\jdk8u92\6642\hotspot\src\share\vm\prims\jni.cpp, line 709]
Event: 5834.073 Thread 0x0000000062bd9800 Exception <a 'sun/nio/fs/WindowsException'> (0x00000000f791e410) thrown at [D:\re\workspace\8-2-build-windows-amd64-cygwin\jdk8u92\6642\hotspot\src\share\vm\prims\jni.cpp, line 709]
Event: 5834.074 Thread 0x0000000062bd9800 Exception <a 'sun/nio/fs/WindowsException'> (0x00000000f791f720) thrown at [D:\re\workspace\8-2-build-windows-amd64-cygwin\jdk8u92\6642\hotspot\src\share\vm\prims\jni.cpp, line 709]
Event: 5834.074 Thread 0x0000000062bd9800 Exception <a 'sun/nio/fs/WindowsException'> (0x00000000f7921640) thrown at [D:\re\workspace\8-2-build-windows-amd64-cygwin\jdk8u92\6642\hotspot\src\share\vm\prims\jni.cpp, line 709]
Event: 5834.074 Thread 0x0000000062bd9800 Exception <a 'sun/nio/fs/WindowsException'> (0x00000000f79221d8) thrown at [D:\re\workspace\8-2-build-windows-amd64-cygwin\jdk8u92\6642\hotspot\src\share\vm\prims\jni.cpp, line 709]
Event: 5869.334 Thread 0x0000000057cb2000 Implicit null exception at 0x00000000065bd1fc to 0x00000000065bdfcb

Events (10 events):
Event: 5869.334 Thread 0x0000000057cb2000 Uncommon trap: trap_request=0xffffff65 fr.pc=0x00000000065be018
Event: 5869.334 Thread 0x0000000057cb2000 DEOPT PACKING pc=0x00000000065be018 sp=0x00000000746095b0
Event: 5869.334 Thread 0x0000000057cb2000 DEOPT UNPACKING pc=0x000000000281582a sp=0x00000000746095b8 mode 2
Event: 5869.334 Thread 0x0000000057cb2000 Uncommon trap: trap_request=0xffffff86 fr.pc=0x00000000065c3d40
Event: 5869.334 Thread 0x0000000057cb2000 DEOPT PACKING pc=0x00000000065c3d40 sp=0x0000000074609710
Event: 5869.334 Thread 0x0000000057cb2000 DEOPT UNPACKING pc=0x000000000281582a sp=0x00000000746096b8 mode 2
Event: 5869.334 Thread 0x0000000057cb2000 Uncommon trap: trap_request=0xffffffde fr.pc=0x00000000065811d0
Event: 5869.334 Thread 0x0000000057cb2000 DEOPT PACKING pc=0x00000000065811d0 sp=0x00000000746096f0
Event: 5869.334 Thread 0x0000000057cb2000 DEOPT UNPACKING pc=0x000000000281582a sp=0x00000000746096a8 mode 2
Event: 5869.936 Executing VM operation: ParallelGCFailedAllocation


Dynamic libraries:
0x000000013fd00000 - 0x000000013fd37000 	C:\Program Files\Java\jre1.8.0_92\bin\javaw.exe
0x0000000077940000 - 0x0000000077aea000 	C:\Windows\SYSTEM32\ntdll.dll
0x0000000077720000 - 0x000000007783f000 	C:\Windows\system32\kernel32.dll
0x000007fefd690000 - 0x000007fefd6fa000 	C:\Windows\system32\KERNELBASE.dll
0x000007fefe280000 - 0x000007fefe35b000 	C:\Windows\system32\ADVAPI32.dll
0x000007fefe7d0000 - 0x000007fefe86f000 	C:\Windows\system32\msvcrt.dll
0x000007fefe360000 - 0x000007fefe37f000 	C:\Windows\SYSTEM32\sechost.dll
0x000007fefeb60000 - 0x000007fefec8d000 	C:\Windows\system32\RPCRT4.dll
0x0000000077840000 - 0x000000007793a000 	C:\Windows\system32\USER32.dll
0x000007fefec90000 - 0x000007fefecf7000 	C:\Windows\system32\GDI32.dll
0x000007fefe210000 - 0x000007fefe21e000 	C:\Windows\system32\LPK.dll
0x000007fefe380000 - 0x000007fefe44a000 	C:\Windows\system32\USP10.dll
0x000007fefc6b0000 - 0x000007fefc8a4000 	C:\Windows\WinSxS\amd64_microsoft.windows.common-controls_6595b64144ccf1df_6.0.7601.18837_none_fa3b1e3d17594757\COMCTL32.dll
0x000007feffb30000 - 0x000007feffba1000 	C:\Windows\system32\SHLWAPI.dll
0x000007fefda80000 - 0x000007fefdaae000 	C:\Windows\system32\IMM32.DLL
0x000007fefe080000 - 0x000007fefe189000 	C:\Windows\system32\MSCTF.dll
0x00000000753c0000 - 0x00000000753f9000 	C:\PROGRA~2\Sophos\SOPHOS~1\SOPHOS~2.DLL
0x0000000077b00000 - 0x0000000077b07000 	C:\Windows\system32\PSAPI.DLL
0x0000000078b90000 - 0x0000000078c62000 	C:\Program Files\Java\jre1.8.0_92\bin\msvcr100.dll
0x000000006fa00000 - 0x0000000070296000 	C:\Program Files\Java\jre1.8.0_92\bin\server\jvm.dll
0x000007fef9370000 - 0x000007fef9379000 	C:\Windows\system32\WSOCK32.dll
0x000007fefda30000 - 0x000007fefda7d000 	C:\Windows\system32\WS2_32.dll
0x000007fefe630000 - 0x000007fefe638000 	C:\Windows\system32\NSI.dll
0x000007fefb280000 - 0x000007fefb2bb000 	C:\Windows\system32\WINMM.dll
0x000007fefc460000 - 0x000007fefc46c000 	C:\Windows\system32\VERSION.dll
0x0000000070840000 - 0x000000007084f000 	C:\Program Files\Java\jre1.8.0_92\bin\verify.dll
0x000000006d790000 - 0x000000006d7b9000 	C:\Program Files\Java\jre1.8.0_92\bin\java.dll
0x000000006cac0000 - 0x000000006caf5000 	C:\Program Files\Java\jre1.8.0_92\bin\jdwp.dll
0x0000000001c90000 - 0x0000000001c98000 	C:\Program Files\Java\jre1.8.0_92\bin\npt.dll
0x0000000070ce0000 - 0x0000000070cf6000 	C:\Program Files\Java\jre1.8.0_92\bin\zip.dll
0x000007fefeda0000 - 0x000007feffb2c000 	C:\Windows\system32\SHELL32.dll
0x000007fefe870000 - 0x000007fefea73000 	C:\Windows\system32\ole32.dll
0x000007fefd680000 - 0x000007fefd68f000 	C:\Windows\system32\profapi.dll
0x000000006cca0000 - 0x000000006cca9000 	C:\Program Files\Java\jre1.8.0_92\bin\dt_socket.dll
0x000007fefb9b0000 - 0x000007fefb9c5000 	C:\Windows\system32\NLAapi.dll
0x000007fef9220000 - 0x000007fef9235000 	C:\Windows\system32\napinsp.dll
0x000007fef9200000 - 0x000007fef9219000 	C:\Windows\system32\pnrpnsp.dll
0x000007fefce50000 - 0x000007fefcea5000 	C:\Windows\System32\mswsock.dll
0x000007fefccb0000 - 0x000007fefcd0b000 	C:\Windows\system32\DNSAPI.dll
0x000007fef91f0000 - 0x000007fef91fb000 	C:\Windows\System32\winrnr.dll
0x000007fef9190000 - 0x000007fef91a0000 	C:\Windows\system32\wshbth.dll
0x000007fefc480000 - 0x000007fefc4a7000 	C:\Windows\system32\IPHLPAPI.DLL
0x000007fefc470000 - 0x000007fefc47b000 	C:\Windows\system32\WINNSI.DLL
0x000007fefa3c0000 - 0x000007fefa413000 	C:\Windows\System32\fwpuclnt.dll
0x000007fef90e0000 - 0x000007fef90e8000 	C:\Windows\system32\rasadhlp.dll
0x0000000180000000 - 0x000000018006d000 	C:\Windows\system32\LavasoftTcpService64.dll
0x000007fefea80000 - 0x000007fefeb5a000 	C:\Windows\system32\OLEAUT32.dll
0x000007fefd480000 - 0x000007fefd4a5000 	C:\Windows\system32\SspiCli.dll
0x000007fefc430000 - 0x000007fefc45f000 	C:\ProgramData\Sophos\Web Intelligence\swi_ifslsp_64.dll
0x000007fefd510000 - 0x000007fefd51f000 	C:\Windows\system32\CRYPTBASE.dll
0x000007fefb5e0000 - 0x000007fefb636000 	C:\Windows\system32\uxtheme.dll
0x000007fefce30000 - 0x000007fefce37000 	C:\Windows\System32\wshtcpip.dll
0x000007feffbb0000 - 0x000007feffc49000 	C:\Windows\system32\CLBCatQ.DLL
0x000007fefceb0000 - 0x000007fefcec8000 	C:\Windows\system32\CRYPTSP.dll
0x000007fefcb90000 - 0x000007fefcbd7000 	C:\Windows\system32\rsaenh.dll
0x000007fefd520000 - 0x000007fefd534000 	C:\Windows\system32\RpcRtRemote.dll
0x000007fefd540000 - 0x000007fefd5d1000 	C:\Windows\system32\SXS.DLL
0x000000006f700000 - 0x000000006f70d000 	C:\Program Files\Java\jre1.8.0_92\bin\management.dll
0x0000000012080000 - 0x000000001209a000 	C:\Program Files\Java\jre1.8.0_92\bin\net.dll
0x000007fefce20000 - 0x000007fefce27000 	C:\Windows\System32\wship6.dll
0x00000000121a0000 - 0x00000000121b1000 	C:\Program Files\Java\jre1.8.0_92\bin\nio.dll
0x000000006c550000 - 0x000000006c6e8000 	C:\Program Files\Java\jre1.8.0_92\bin\awt.dll
0x000007fefb130000 - 0x000007fefb148000 	C:\Windows\system32\dwmapi.dll
0x000007fefd730000 - 0x000007fefd74e000 	C:\Windows\system32\USERENV.dll
0x000007fefa4a0000 - 0x000007fefa4b1000 	C:\Windows\system32\dhcpcsvc6.DLL
0x000007fefa480000 - 0x000007fefa498000 	C:\Windows\system32\dhcpcsvc.DLL
0x000007fef9240000 - 0x000007fef9365000 	C:\Windows\system32\dbghelp.dll

VM Arguments:
jvm_args: -agentlib:jdwp=transport=dt_socket,suspend=y,address=localhost:51118 -Xmx500M -XX:PermSize=150m -Dlog4j.configDebug=true -Dlog4j.configuration=file:///C:\Users\k.luther/.cdmLibrary/log4j.properties -Dcdm.forceSchemaUpdate=true -Dspring.profiles.active=remoting -Djetty.launcher.configuration=C:\Users\K992B~1.LUT\AppData\Local\Temp\eclipseJettyPlugin.config.cdmlib_remote_webapp___run.xml -Dfile.encoding=UTF-8 
java_command: net.sourceforge.eclipsejetty.starter.embedded.JettyEmbeddedLauncherMain
java_class_path (initial): C:/Users/k.luther/.eclipse/org.eclipse.platform_4.3.2_1709980481_win32_win32_x86_64/configuration/org.eclipse.osgi/bundles/306/1/.cp/lib/eclipse-jetty-starters-common.jar;C:/Users/k.luther/.eclipse/org.eclipse.platform_4.3.2_1709980481_win32_win32_x86_64/configuration/org.eclipse.osgi/bundles/306/1/.cp/lib/eclipse-jetty-starters-util.jar;C:/Users/k.luther/.eclipse/org.eclipse.platform_4.3.2_1709980481_win32_win32_x86_64/configuration/org.eclipse.osgi/bundles/306/1/.cp/lib/eclipse-jetty-starters-console.jar;C:/Users/k.luther/.eclipse/org.eclipse.platform_4.3.2_1709980481_win32_win32_x86_64/configuration/org.eclipse.osgi/bundles/306/1/.cp/lib/eclipse-jetty-starters-embedded.jar;C:/Users/k.luther/.eclipse/org.eclipse.platform_4.3.2_1709980481_win32_win32_x86_64/configuration/org.eclipse.osgi/bundles/306/1/.cp/lib/jetty/javax.servlet.jar;C:/Users/k.luther/.eclipse/org.eclipse.platform_4.3.2_1709980481_win32_win32_x86_64/configuration/org.eclipse.osgi/bundles/306/1/.cp/lib/jetty/jetty-server.jar;C:/Users/k.luther/.eclipse/org.eclipse.platform_4.3.2_1709980481_win32_win32_x86_64/configuration/org.eclipse.osgi/bundles/306/1/.cp/lib/jetty/jetty-continuation.jar;C:/Users/k.luther/.eclipse/org.eclipse.platform_4.3.2_1709980481_win32_win32_x86_64/configuration/org.eclipse.osgi/bundles/306/1/.cp/lib/jetty/jetty-http.jar;C:/Users/k.luther/.eclipse/org.eclipse.platform_4.3.2_1709980481_win32_win32_x86_64/configuration/org.eclipse.osgi/bundles/306/1/.cp/lib/jetty/jetty-io.jar;C:/Users/k.luther/.eclipse/org.eclipse.platform_4.3.2_1709980481_win32_win32_x86_64/configuration/org.eclipse.osgi/bundles/306/1/.cp/lib/jetty/jetty-util.jar;C:/Users/k.luther/.eclipse/org.eclipse.platform_4.3.2_1709980481_win32_win32_x86_64/configuration/org.eclipse.osgi/bundles/306/1/.cp/lib/jetty/jetty-security.jar;C:/Users/k.luther/.eclipse/org.eclipse.platform_4.3.2_1709980481_win32_win32_x86_64/configuration/org.eclipse.osgi/bundles/306/1/.cp/lib/jetty/jetty-servlet.jar;C:/U
Launcher Type: SUN_STANDARD

Environment Variables:
JAVA_HOME=C:\Program Files\Java\jdk1.7.0_75
PATH=C:/Program Files/Java/jre1.8.0_92/bin/server;C:/Program Files/Java/jre1.8.0_92/bin;C:/Program Files/Java/jre1.8.0_92/lib/amd64;C:\ProgramData\Oracle\Java\javapath;C:\Windows\system32;C:\Windows;C:\Windows\System32\Wbem;C:\Windows\System32\WindowsPowerShell\v1.0\;C:\Program Files (x86)\Common Files\Roxio Shared\DLLShared\;C:\Program Files (x86)\Common Files\Roxio Shared\10.0\DLLShared\;C:\Program Files\WIDCOMM\Bluetooth Software\;C:\Program Files\WIDCOMM\Bluetooth Software\syswow64;C:\Program Files\TortoiseSVN\bin;C:\Program Files\Apache Software Foundation\apache-maven-3.0.5\bin;C:\Program Files\Java\jdk1.7.0_75\bin;C:\Program Files (x86)\php5.5;C:\Program Files (x86)\OpenSSH for Windows\bin;C:\Program Files (x86)\MySQL\MySQL Fabric 1.5.2 & MySQL Utilities 1.5.2 1.5\;C:\Program Files (x86)\MySQL\MySQL Fabric 1.5.2 & MySQL Utilities 1.5.2 1.5\Doctrine extensions for PHP\;C:\Program Files (x86)\GitExtensions\;C:\Program Files\MySQL\MySQL Server 5.5\bin\;C:\Program Files (x86)\Skype\Phone\;C:\Program Files\eclipse;
USERNAME=k.luther
OS=Windows_NT
PROCESSOR_IDENTIFIER=Intel64 Family 6 Model 58 Stepping 9, GenuineIntel



---------------  S Y S T E M  ---------------

OS: Windows 7 , 64 bit Build 7601 (6.1.7601.23539)

CPU:total 4 (2 cores per cpu, 2 threads per core) family 6 model 58 stepping 9, cmov, cx8, fxsr, mmx, sse, sse2, sse3, ssse3, sse4.1, sse4.2, popcnt, avx, aes, clmul, erms, ht, tsc, tscinvbit, tscinv

Memory: 4k page, physical 16644860k(9417212k free), swap 28588748k(20704548k free)

vm_info: Java HotSpot(TM) 64-Bit Server VM (25.92-b14) for windows-amd64 JRE (1.8.0_92-b14), built on Mar 31 2016 21:03:04 by "java_re" with MS VC++ 10.0 (VS2010)

time: Thu Oct 06 11:28:08 2016
elapsed time: 5870 seconds (0d 1h 37m 50s)

